TN:
SF:scripts/audio.js
FN:3,playAudio
FN:8,pauseAudio
FN:13,resumeAudio
FN:18,stopAudio
FN:24,initializeAudioPlayerEvents
FN:27,(anonymous_5)
FN:32,(anonymous_6)
FN:37,(anonymous_7)
FN:41,(anonymous_8)
FN:48,(anonymous_9)
FNF:10
FNH:10
FNDA:2,playAudio
FNDA:2,pauseAudio
FNDA:2,resumeAudio
FNDA:2,stopAudio
FNDA:11,initializeAudioPlayerEvents
FNDA:2,(anonymous_5)
FNDA:3,(anonymous_6)
FNDA:3,(anonymous_7)
FNDA:3,(anonymous_8)
FNDA:10,(anonymous_9)
DA:4,2
DA:5,2
DA:9,2
DA:10,2
DA:14,2
DA:15,2
DA:19,2
DA:20,2
DA:21,2
DA:25,11
DA:27,11
DA:28,2
DA:29,2
DA:32,11
DA:33,3
DA:34,2
DA:37,11
DA:38,3
DA:41,11
DA:42,3
DA:43,2
DA:44,2
DA:45,2
DA:48,11
DA:49,10
DA:50,10
DA:51,10
DA:52,10
DA:53,9
LF:29
LH:29
BRF:0
BRH:0
end_of_record
TN:
SF:scripts/dom.js
FN:8,(anonymous_0)
FN:14,(anonymous_1)
FN:33,(anonymous_2)
FN:54,(anonymous_3)
FNF:4
FNH:0
FNDA:0,(anonymous_0)
FNDA:0,(anonymous_1)
FNDA:0,(anonymous_2)
FNDA:0,(anonymous_3)
DA:8,1
DA:9,0
DA:10,0
DA:12,0
DA:14,0
DA:15,0
DA:16,0
DA:17,0
DA:20,0
DA:21,0
DA:24,0
DA:25,0
DA:28,0
DA:29,0
DA:33,0
DA:34,0
DA:36,0
DA:37,0
DA:40,0
DA:41,0
DA:42,0
DA:43,0
DA:44,0
DA:45,0
DA:48,0
DA:49,0
DA:50,0
DA:54,0
DA:55,0
DA:56,0
DA:59,0
DA:60,0
DA:61,0
DA:62,0
DA:63,0
DA:64,0
DA:65,0
DA:66,0
DA:67,0
DA:68,0
DA:70,0
LF:41
LH:1
BRDA:16,0,0,0
BRDA:16,0,1,0
BRDA:36,1,0,0
BRDA:36,1,1,0
BRDA:40,2,0,0
BRDA:40,2,1,0
BRDA:41,3,0,0
BRDA:41,3,1,0
BRF:8
BRH:0
end_of_record
TN:
SF:scripts/dragdrop.js
FN:3,initializeDragDropEvents
FN:7,(anonymous_1)
FN:12,(anonymous_2)
FN:16,(anonymous_3)
FN:39,(anonymous_4)
FNF:5
FNH:4
FNDA:9,initializeDragDropEvents
FNDA:1,(anonymous_1)
FNDA:1,(anonymous_2)
FNDA:6,(anonymous_3)
FNDA:0,(anonymous_4)
DA:4,9
DA:5,9
DA:7,9
DA:8,1
DA:9,1
DA:12,9
DA:13,1
DA:16,9
DA:17,6
DA:18,6
DA:20,6
DA:22,6
DA:23,1
DA:27,5
DA:28,5
DA:29,1
DA:30,1
DA:33,4
DA:34,1
DA:35,1
DA:38,3
DA:39,3
DA:40,0
DA:42,3
DA:43,3
LF:25
LH:24
BRDA:22,0,0,1
BRDA:22,0,1,5
BRDA:28,1,0,1
BRDA:28,1,1,4
BRDA:33,2,0,1
BRDA:33,2,1,3
BRF:6
BRH:6
end_of_record
TN:
SF:scripts/settings.js
FN:4,populateVoices
FN:17,(anonymous_1)
FN:31,selectModelDirectory
FN:39,loadSettings
FN:69,(anonymous_4)
FN:76,choosePiper
FNF:6
FNH:6
FNDA:7,populateVoices
FNDA:10,(anonymous_1)
FNDA:2,selectModelDirectory
FNDA:3,loadSettings
FNDA:2,(anonymous_4)
FNDA:2,choosePiper
DA:5,7
DA:6,7
DA:7,7
DA:9,7
DA:10,1
DA:11,1
DA:12,1
DA:13,1
DA:14,1
DA:17,6
DA:18,10
DA:19,10
DA:20,10
DA:21,10
DA:25,6
DA:26,6
DA:27,3
DA:32,2
DA:33,2
DA:34,1
DA:35,1
DA:40,3
DA:42,3
DA:43,1
DA:46,3
DA:47,1
DA:50,3
DA:52,3
DA:53,3
DA:54,2
DA:58,3
DA:59,3
DA:60,2
DA:61,2
DA:63,1
DA:67,3
DA:68,2
DA:69,2
DA:70,2
DA:71,2
DA:77,2
DA:78,2
DA:79,1
DA:80,1
LF:44
LH:44
BRDA:9,0,0,1
BRDA:9,0,1,6
BRDA:26,1,0,3
BRDA:26,1,1,3
BRDA:26,2,0,6
BRDA:26,2,1,4
BRDA:33,3,0,1
BRDA:33,3,1,1
BRDA:42,4,0,1
BRDA:42,4,1,2
BRDA:46,5,0,1
BRDA:46,5,1,2
BRDA:53,6,0,2
BRDA:53,6,1,1
BRDA:59,7,0,2
BRDA:59,7,1,1
BRDA:67,8,0,2
BRDA:67,8,1,1
BRDA:70,9,0,2
BRDA:70,9,1,0
BRDA:78,10,0,1
BRDA:78,10,1,1
BRF:22
BRH:21
end_of_record
TN:
SF:scripts/states.js
FN:1,updateSpeakButtonState
FN:16,resetToDefaults
FNF:2
FNH:2
FNDA:11,updateSpeakButtonState
FNDA:5,resetToDefaults
DA:2,11
DA:3,11
DA:4,11
DA:5,11
DA:7,11
DA:8,10
DA:9,9
DA:10,9
DA:12,9
DA:13,9
DA:17,5
DA:18,5
DA:19,1
DA:22,4
DA:24,3
DA:25,2
LF:16
LH:16
BRDA:9,0,0,9
BRDA:9,0,1,8
BRDA:10,1,0,9
BRDA:10,1,1,9
BRDA:13,2,0,9
BRDA:13,2,1,7
BRDA:13,2,2,5
BRDA:18,3,0,1
BRDA:18,3,1,4
BRF:9
BRH:9
end_of_record
TN:
SF:scripts/tss.js
FN:5,chooseOutput
FN:13,speakText
FN:39,(anonymous_2)
FNF:3
FNH:3
FNDA:2,chooseOutput
FNDA:4,speakText
FNDA:1,(anonymous_2)
DA:3,1
DA:6,2
DA:7,2
DA:8,1
DA:9,1
DA:14,4
DA:15,4
DA:16,4
DA:17,4
DA:18,4
DA:19,4
DA:20,4
DA:22,4
DA:23,4
DA:24,4
DA:25,4
DA:26,4
DA:28,4
DA:29,4
DA:30,4
DA:31,4
DA:34,4
DA:35,4
DA:36,4
DA:39,4
DA:40,1
DA:41,1
DA:42,1
DA:43,1
DA:46,4
DA:47,4
DA:48,3
DA:49,3
DA:50,3
DA:51,3
DA:53,3
DA:55,3
DA:56,3
DA:58,1
DA:60,1
DA:63,4
LF:41
LH:41
BRDA:7,0,0,1
BRDA:7,0,1,1
BRF:2
BRH:2
end_of_record
TN:
SF:scripts/utils.js
FN:1,formatDuration
FN:6,(anonymous_1)
FN:17,updateEstimatedDuration
FN:19,(anonymous_3)
FNF:4
FNH:4
FNDA:21,formatDuration
FNDA:15,(anonymous_1)
FNDA:5,updateEstimatedDuration
FNDA:172,(anonymous_3)
DA:2,21
DA:3,21
DA:4,21
DA:6,21
DA:8,21
DA:9,4
DA:10,17
DA:11,7
DA:13,10
DA:18,5
DA:19,172
DA:20,5
DA:21,5
DA:23,5
DA:24,5
LF:15
LH:15
BRDA:8,0,0,4
BRDA:8,0,1,17
BRDA:10,1,0,7
BRDA:10,1,1,10
BRF:4
BRH:4
end_of_record
